01.02.2016 08:07:19  LOG INFO: Started
01.02.2016 09:28:21  LOG INFO: Stopped
01.02.2016 11:43:08  LOG INFO: Started
01.02.2016 11:43:21  LOG INFO: Stopped
01.02.2016 11:43:47  LOG INFO: Started
01.02.2016 12:21:04  LOG INFO: Stopped
01.02.2016 15:52:25  LOG INFO: Started
01.02.2016 15:53:19  LOG INFO: Stopped
01.02.2016 16:24:47  LOG INFO: Started
01.02.2016 16:26:41  LOG INFO: Started
01.02.2016 16:44:23  LOG INFO: Stopped
02.02.2016 06:27:31  LOG INFO: Started
02.02.2016 06:54:56  LOG INFO: Stopped
02.02.2016 10:42:19  LOG INFO: Started
02.02.2016 10:42:35  LOG INFO: Stopped
02.02.2016 10:56:04  LOG INFO: Started
02.02.2016 14:19:12  LOG INFO: Stopped
03.02.2016 09:12:03  LOG INFO: Started
03.02.2016 09:27:21  LOG INFO: Stopped
03.02.2016 21:59:16  LOG INFO: Started
03.02.2016 22:28:57  LOG INFO: Stopped
03.02.2016 22:30:09  LOG INFO: Started
03.02.2016 22:35:04  LOG INFO: Stopped
04.02.2016 13:38:54  LOG INFO: Started
04.02.2016 14:46:55  LOG INFO: Stopped
04.02.2016 15:38:06  LOG INFO: Started
04.02.2016 16:00:15  LOG INFO: Stopped
05.02.2016 08:16:26  LOG INFO: Started
05.02.2016 08:37:52  LOG INFO: Stopped
05.02.2016 14:17:07  LOG INFO: Started
05.02.2016 15:15:31  LOG INFO: Started
05.02.2016 16:00:15  LOG INFO: Stopped
05.02.2016 19:06:39  LOG INFO: Started
05.02.2016 19:06:53  LOG INFO: Stopped
05.02.2016 19:06:59  LOG INFO: Started
05.02.2016 19:07:30  LOG INFO: Stopped
05.02.2016 19:07:46  LOG INFO: Started
05.02.2016 19:08:24 LINK ERRO: Service is temporarily unavailable.
05.02.2016 19:08:36 LINK ERRO: Service is temporarily unavailable.
05.02.2016 19:08:45  LOG INFO: Stopped
05.02.2016 19:09:02  LOG INFO: Started
05.02.2016 19:09:57  LOG INFO: Stopped
05.02.2016 20:08:07  LOG INFO: Started
05.02.2016 20:08:21  LOG INFO: Stopped
05.02.2016 20:11:00  LOG INFO: Started
05.02.2016 20:11:12  LOG INFO: Stopped
05.02.2016 20:11:26  LOG INFO: Started
05.02.2016 20:52:17  LOG INFO: Stopped
05.02.2016 21:43:23  LOG INFO: Started
05.02.2016 22:13:36  LOG INFO: Stopped
05.02.2016 23:03:06  LOG INFO: Started
05.02.2016 23:51:55  LOG INFO: Stopped
06.02.2016 18:12:43  LOG INFO: Started
06.02.2016 18:26:01  LOG INFO: Stopped
12.02.2016 18:18:46  LOG INFO: Started
12.02.2016 18:19:02  LOG INFO: Stopped
13.02.2016 00:18:20  LOG INFO: Started
13.02.2016 00:18:41  LOG INFO: Stopped
13.02.2016 13:58:14  LOG INFO: Started
13.02.2016 13:58:30  LOG INFO: Stopped
14.02.2016 20:37:51  LOG INFO: Started
14.02.2016 20:38:01  LOG INFO: Stopped
14.02.2016 20:38:18  LOG INFO: Started
14.02.2016 21:00:15  LOG INFO: Stopped
15.02.2016 17:43:16  LOG INFO: Started
15.02.2016 17:53:52  LOG INFO: Stopped
26.02.2016 23:35:39  LOG INFO: Started
26.02.2016 23:42:24  LOG INFO: Stopped
27.02.2016 21:24:19  LOG INFO: Started
29.02.2016 16:24:58  LOG INFO: Started
29.02.2016 17:15:28  LOG INFO: Started
29.02.2016 17:17:37  LOG INFO: Started
29.02.2016 17:19:26  LOG INFO: Started
29.02.2016 17:19:41  LOG INFO: Stopped
29.02.2016 17:19:56  LOG INFO: Started
29.02.2016 17:21:15  LOG INFO: Started
29.02.2016 17:24:37  LOG INFO: Stopped
29.02.2016 19:05:48  LOG INFO: Started
29.02.2016 19:31:23  LOG INFO: Stopped
01.03.2016 10:00:33  LOG INFO: Started
01.03.2016 11:40:54  LOG INFO: Stopped
01.03.2016 17:12:25  LOG INFO: Started
01.03.2016 17:39:44  LOG INFO: Stopped
01.03.2016 22:05:12  LOG INFO: Started
01.03.2016 22:06:21  LOG INFO: Started
01.03.2016 22:06:36  LOG INFO: Started
01.03.2016 22:30:55  LOG INFO: Stopped
02.03.2016 07:30:14  LOG INFO: Started
02.03.2016 07:55:18  LOG INFO: Stopped
02.03.2016 14:38:11  LOG INFO: Started
02.03.2016 15:21:07  LOG INFO: Stopped
04.03.2016 23:36:58  LOG INFO: Started
04.03.2016 23:37:32  LOG INFO: Started
05.03.2016 00:02:52  LOG INFO: Stopped
05.03.2016 13:02:28  LOG INFO: Started
05.03.2016 13:02:37  LOG INFO: Stopped
18.03.2016 21:48:40  LOG INFO: Started
18.03.2016 21:48:59  LOG INFO: Stopped
18.04.2016 17:46:38  LOG INFO: Started
18.04.2016 17:46:39 LINK ERRO: Not found.
18.04.2016 17:46:44 LINK ERRO: Not found.
18.04.2016 17:47:02 LINK ERRO: Not found.
21.04.2016 17:12:50  LOG INFO: Started
21.04.2016 17:14:59  LOG INFO: Started
21.04.2016 17:30:20  LOG INFO: Stopped
27.06.2016 20:39:06  LOG INFO: Started
27.06.2016 20:45:58  LOG INFO: Stopped
28.06.2016 09:01:58  LOG INFO: Started
28.06.2016 10:01:09  LOG INFO: Stopped
29.06.2016 10:53:06  LOG INFO: Started
29.06.2016 12:17:56  LOG INFO: Stopped
29.06.2016 19:47:36  LOG INFO: Started
29.06.2016 20:08:43  LOG INFO: Stopped
01.07.2016 09:48:50  LOG INFO: Started
01.07.2016 10:09:37  LOG INFO: Stopped
01.07.2016 13:00:51  LOG INFO: Started
01.07.2016 13:42:07  LOG INFO: Stopped
01.07.2016 20:50:54  LOG INFO: Started
01.07.2016 20:52:01  LOG INFO: Stopped
11.07.2016 19:06:22  LOG INFO: Started
11.07.2016 19:14:59  LOG INFO: Stopped
15.07.2016 23:26:09  LOG INFO: Started
15.07.2016 23:37:16  LOG INFO: Stopped
14.08.2016 18:15:28  LOG INFO: Started
14.08.2016 18:31:52  LOG INFO: Stopped
15.08.2016 17:54:09  LOG INFO: Started
15.08.2016 18:26:24  LOG INFO: Stopped
16.08.2016 20:33:38  LOG INFO: Started
16.08.2016 20:48:16  LOG INFO: Stopped
22.08.2016 15:11:09  LOG INFO: Started
23.08.2016 19:30:36  LOG INFO: Started
23.08.2016 19:50:51  LOG INFO: Stopped
01.09.2016 18:57:56  LOG INFO: Started
01.09.2016 19:16:11  LOG INFO: Stopped
06.09.2016 18:26:10  LOG INFO: Started
06.09.2016 18:56:24  LOG INFO: Stopped
23.10.2016 10:27:23  LOG INFO: Started
23.10.2016 10:27:39  LOG INFO: Stopped
23.10.2016 10:27:48  LOG INFO: Started
23.10.2016 10:30:30  LOG INFO: Stopped
23.10.2016 18:55:25  LOG INFO: Started
23.10.2016 19:03:21  LOG INFO: Stopped
24.10.2016 17:25:39  LOG INFO: Started
24.10.2016 17:25:40 LINK ERRO: Not found.
24.10.2016 17:25:57 LINK ERRO: Not found.
24.10.2016 17:34:34  LOG INFO: Stopped
16.11.2016 22:05:08  LOG INFO: Started
16.11.2016 22:28:01  LOG INFO: Stopped
17.11.2016 17:29:03  LOG INFO: Started
17.11.2016 17:29:34  LOG INFO: Started
17.11.2016 17:51:11  LOG INFO: Stopped
17.11.2016 20:25:52  LOG INFO: Started
17.11.2016 20:26:14 SOCK ERRO: S2412:connect('54.231.131.132:80') failed 10060
17.11.2016 20:26:14 SOCK ERRO: Unable to establish connection to any address for host 'lscreens.eut2.online.scssoft.com:80'
17.11.2016 20:26:14 HTTP ERRO: Unable to connect to 'http://lscreens.eut2.online.scssoft.com/eut2/lscr/data'
17.11.2016 20:26:14 LINK ERRO: Unable to connect.
17.11.2016 20:44:51  LOG INFO: Stopped
18.11.2016 20:50:27  LOG INFO: Started
18.11.2016 20:50:50 SOCK ERRO: S2412:connect('54.231.131.92:80') failed 10060
18.11.2016 20:50:50 SOCK ERRO: Unable to establish connection to any address for host 'lscreens.eut2.online.scssoft.com:80'
18.11.2016 20:50:50 HTTP ERRO: Unable to connect to 'http://lscreens.eut2.online.scssoft.com/eut2/lscr/data'
18.11.2016 20:50:50 LINK ERRO: Unable to connect.
18.11.2016 21:11:41  LOG INFO: Stopped
19.11.2016 10:59:59  LOG INFO: Started
19.11.2016 11:00:23 SOCK ERRO: S2280:connect('54.231.131.52:80') failed 10060
19.11.2016 11:00:23 SOCK ERRO: Unable to establish connection to any address for host 'lscreens.eut2.online.scssoft.com:80'
19.11.2016 11:00:23 HTTP ERRO: Unable to connect to 'http://lscreens.eut2.online.scssoft.com/eut2/lscr/data'
19.11.2016 11:00:23 LINK ERRO: Unable to connect.
19.11.2016 11:32:57  LOG INFO: Stopped
19.11.2016 20:58:36  LOG INFO: Started
19.11.2016 20:58:59 SOCK ERRO: S2264:connect('87.236.195.182:80') failed 10060
19.11.2016 20:58:59 SOCK ERRO: Unable to establish connection to any address for host 'news.eut2.online.scssoft.com:80'
19.11.2016 20:58:59 HTTP ERRO: Unable to connect to 'http://news.eut2.online.scssoft.com/eut2/news/1.25.3s/en_us?i=78DA5D504D6BC24010FD2B735468D299DDCD97A7441B6FD2620BF5640866AB8198954D4C038EFFBD6BDB43ED0C3C788F79F335C661112A7884F7BAADCC670784303A613268DBD5A675DCC72967AB27586EBC580ACC21AFF787DE5B18ABE1C59A9DEE3A63E12E584A1288C8144A29BEDDEBB2D2AEDDE46D35857504324278D5B6D61D0B14097335264C8970168C917F92F8922551368F047A59AE961E511E7A3122794AA92090817243F07A419111AA20F76EF40F04A8125718DEF0BA5D98B6B7A669B485C966FEBC0119222CDDEEBFB74FB763DD9ECE7DB12F8FFA5456056DD3F45E4A5320B6BA2DCF4D5F9C7830CD60FC8F03858540127C2C5BBFDF8F337AA807BD337ED7DBB2A93BC7FF55CE8899DD9FF90BF9817203'
19.11.2016 20:58:59 LINK ERRO: Unable to connect.
19.11.2016 21:21:34  LOG INFO: Stopped
20.11.2016 17:01:26  LOG INFO: Started
20.11.2016 18:41:33  LOG INFO: Stopped
21.11.2016 16:00:23  LOG INFO: Started
21.11.2016 16:14:17  LOG INFO: Stopped
21.11.2016 20:15:34  LOG INFO: Started
21.11.2016 20:44:29  LOG INFO: Stopped
25.11.2016 22:30:35  LOG INFO: Started
25.11.2016 22:56:34  LOG INFO: Stopped
04.12.2016 15:25:52  LOG INFO: Started
04.12.2016 15:43:50  LOG INFO: Stopped
07.12.2016 19:38:26  LOG INFO: Started
07.12.2016 20:17:54  LOG INFO: Stopped
07.12.2016 21:13:48  LOG INFO: Started
07.12.2016 21:34:19  LOG INFO: Stopped
08.12.2016 20:59:54  LOG INFO: Started
08.12.2016 21:59:44  LOG INFO: Stopped
09.12.2016 15:23:12  LOG INFO: Started
09.12.2016 16:01:32  LOG INFO: Stopped
09.12.2016 18:04:42  LOG INFO: Started
09.12.2016 18:22:23  LOG INFO: Stopped
09.12.2016 20:31:17  LOG INFO: Started
09.12.2016 21:11:22  LOG INFO: Stopped
10.12.2016 17:35:23  LOG INFO: Started
10.12.2016 19:05:29  LOG INFO: Stopped
10.12.2016 22:28:16  LOG INFO: Started
10.12.2016 22:33:00  LOG INFO: Stopped
10.12.2016 22:37:24  LOG INFO: Started
10.12.2016 23:03:27  LOG INFO: Stopped
11.12.2016 20:58:09  LOG INFO: Started
11.12.2016 21:08:50  LOG INFO: Stopped
11.12.2016 21:09:05  LOG INFO: Started
11.12.2016 21:11:11  LOG INFO: Stopped
13.12.2016 20:38:54  LOG INFO: Started
13.12.2016 20:41:42  LOG INFO: Stopped
13.12.2016 20:42:00  LOG INFO: Started
13.12.2016 21:07:08  LOG INFO: Stopped
14.12.2016 15:35:10  LOG INFO: Started
14.12.2016 15:51:00  LOG INFO: Stopped
14.12.2016 18:29:44  LOG INFO: Started
14.12.2016 18:31:41  LOG INFO: Stopped
14.12.2016 18:31:47  LOG INFO: Started
14.12.2016 18:45:19  LOG INFO: Stopped
16.12.2016 12:20:30  LOG INFO: Started
16.12.2016 12:40:13  LOG INFO: Stopped
17.12.2016 18:45:18  LOG INFO: Started
17.12.2016 18:49:01  LOG INFO: Stopped
17.12.2016 19:01:30  LOG INFO: Started
17.12.2016 19:25:58  LOG INFO: Stopped
18.12.2016 18:50:50  LOG INFO: Started
18.12.2016 19:33:12  LOG INFO: Stopped
20.12.2016 11:36:56  LOG INFO: Started
20.12.2016 11:37:35  LOG INFO: Stopped
20.12.2016 11:37:41  LOG INFO: Started
20.12.2016 12:04:30  LOG INFO: Stopped
20.12.2016 14:22:30  LOG INFO: Started
20.12.2016 14:52:19  LOG INFO: Stopped
20.12.2016 20:48:16  LOG INFO: Started
20.12.2016 21:09:24  LOG INFO: Stopped
21.12.2016 10:40:29  LOG INFO: Started
21.12.2016 11:04:52  LOG INFO: Stopped
22.12.2016 10:59:52  LOG INFO: Started
22.12.2016 11:34:19  LOG INFO: Stopped
22.12.2016 19:14:26  LOG INFO: Started
22.12.2016 19:14:49  LOG INFO: Stopped
22.12.2016 19:15:11  LOG INFO: Started
22.12.2016 19:31:35  LOG INFO: Stopped
27.12.2016 20:06:26  LOG INFO: Started
27.12.2016 20:27:14  LOG INFO: Stopped
23.01.2017 20:00:35  LOG INFO: Started
23.01.2017 20:10:26  LOG INFO: Stopped
28.01.2017 13:34:38  LOG INFO: Started
28.01.2017 13:55:41  LOG INFO: Stopped
28.01.2017 16:33:08  LOG INFO: Started
28.01.2017 17:21:55  LOG INFO: Stopped
28.01.2017 20:37:56  LOG INFO: Started
28.01.2017 21:11:03  LOG INFO: Stopped
29.01.2017 20:55:27  LOG INFO: Started
29.01.2017 21:08:45  LOG INFO: Started
29.01.2017 22:00:42  LOG INFO: Stopped
30.01.2017 17:53:41  LOG INFO: Started
30.01.2017 18:30:27  LOG INFO: Stopped
01.02.2017 21:44:58  LOG INFO: Started
01.02.2017 22:10:29  LOG INFO: Stopped
02.02.2017 20:02:14  LOG INFO: Started
02.02.2017 20:02:31  LOG INFO: Stopped
02.02.2017 20:02:47  LOG INFO: Started
02.02.2017 21:29:29  LOG INFO: Stopped
03.02.2017 09:13:32  LOG INFO: Started
03.02.2017 10:30:29  LOG INFO: Stopped
03.02.2017 21:48:49  LOG INFO: Started
03.02.2017 22:00:35  LOG INFO: Stopped
03.02.2017 22:02:45  LOG INFO: Started
03.02.2017 23:42:03  LOG INFO: Stopped
06.02.2017 21:29:51  LOG INFO: Started
06.02.2017 21:33:09  LOG INFO: Stopped
06.02.2017 21:45:03  LOG INFO: Started
06.02.2017 21:46:18  LOG INFO: Stopped
06.02.2017 21:47:12  LOG INFO: Started
06.02.2017 22:15:23  LOG INFO: Stopped
10.02.2017 21:48:42  LOG INFO: Started
15.02.2017 10:48:35  LOG INFO: Started
15.02.2017 11:30:42  LOG INFO: Stopped
15.02.2017 21:36:25  LOG INFO: Started
15.02.2017 22:05:56  LOG INFO: Stopped
18.02.2017 12:16:00  LOG INFO: Started
18.02.2017 12:51:23  LOG INFO: Stopped
18.02.2017 14:40:58  LOG INFO: Started
18.02.2017 14:56:31  LOG INFO: Stopped
18.02.2017 22:02:15  LOG INFO: Started
18.02.2017 23:13:43  LOG INFO: Stopped
19.02.2017 11:02:18  LOG INFO: Started
19.02.2017 11:31:34  LOG INFO: Stopped
20.02.2017 15:45:28  LOG INFO: Started
20.02.2017 16:11:54  LOG INFO: Stopped
27.02.2017 20:36:17  LOG INFO: Started
27.02.2017 21:22:38  LOG INFO: Stopped
01.03.2017 20:22:08  LOG INFO: Started
03.03.2017 19:34:18  LOG INFO: Started
03.03.2017 20:22:59  LOG INFO: Stopped
04.03.2017 20:29:55  LOG INFO: Started
04.03.2017 20:46:50  LOG INFO: Stopped
06.03.2017 19:36:03  LOG INFO: Started
07.03.2017 18:18:36  LOG INFO: Started
07.03.2017 20:06:34  LOG INFO: Stopped
08.03.2017 19:13:32  LOG INFO: Started
08.03.2017 20:04:03  LOG INFO: Stopped
09.03.2017 15:43:33  LOG INFO: Started
09.03.2017 16:36:39  LOG INFO: Stopped
09.03.2017 19:18:44  LOG INFO: Started
09.03.2017 19:18:49  LOG INFO: Stopped
09.03.2017 19:29:44  LOG INFO: Started
09.03.2017 19:29:46 LINK ERRO: Not found.
09.03.2017 19:29:46 LINK ERRO: Not found.
09.03.2017 19:30:03 LINK ERRO: Not found.
09.03.2017 19:30:29 LINK ERRO: Not found.
09.03.2017 19:30:45 LINK ERRO: Not found.
09.03.2017 21:19:09  LOG INFO: Stopped
10.03.2017 16:09:03  LOG INFO: Started
10.03.2017 16:09:04 LINK ERRO: Not found.
10.03.2017 16:09:05 LINK ERRO: Not found.
10.03.2017 16:09:21 LINK ERRO: Not found.
10.03.2017 16:42:31  LOG INFO: Stopped
10.03.2017 23:45:36  LOG INFO: Started
10.03.2017 23:45:37 LINK ERRO: Not found.
10.03.2017 23:45:38 LINK ERRO: Not found.
10.03.2017 23:45:45 LINK ERRO: Not found.
11.03.2017 00:06:49  LOG INFO: Stopped
11.03.2017 10:14:44  LOG INFO: Started
11.03.2017 10:14:45 LINK ERRO: Not found.
11.03.2017 10:14:45 LINK ERRO: Not found.
11.03.2017 10:14:52 LINK ERRO: Not found.
11.03.2017 10:39:08  LOG INFO: Stopped
11.03.2017 21:11:20  LOG INFO: Started
11.03.2017 21:11:22 LINK ERRO: Not found.
11.03.2017 21:11:22 LINK ERRO: Not found.
11.03.2017 21:11:39 LINK ERRO: Not found.
11.03.2017 21:37:43  LOG INFO: Stopped
12.03.2017 09:28:24  LOG INFO: Started
12.03.2017 09:28:25 LINK ERRO: Not found.
12.03.2017 09:28:25 LINK ERRO: Not found.
12.03.2017 09:28:48 LINK ERRO: Not found.
12.03.2017 10:41:02  LOG INFO: Stopped
17.03.2017 07:19:47  LOG INFO: Started
17.03.2017 07:19:49 LINK ERRO: Not found.
17.03.2017 07:19:50 LINK ERRO: Not found.
17.03.2017 07:19:56 LINK ERRO: Not found.
17.03.2017 08:12:41  LOG INFO: Stopped
17.03.2017 22:07:14  LOG INFO: Started
17.03.2017 22:07:16 LINK ERRO: Not found.
17.03.2017 22:07:16 LINK ERRO: Not found.
17.03.2017 22:07:35 LINK ERRO: Not found.
17.03.2017 22:16:38  LOG INFO: Stopped
18.03.2017 15:39:43  LOG INFO: Started
18.03.2017 15:39:45 LINK ERRO: Not found.
18.03.2017 15:39:45 LINK ERRO: Not found.
18.03.2017 15:40:14 LINK ERRO: Not found.
18.03.2017 17:00:57  LOG INFO: Stopped
19.03.2017 09:51:14  LOG INFO: Started
19.03.2017 09:51:17 LINK ERRO: Not found.
19.03.2017 09:51:17 LINK ERRO: Not found.
19.03.2017 09:51:33 LINK ERRO: Not found.
19.03.2017 09:52:17  LOG INFO: Stopped
19.03.2017 09:52:24  LOG INFO: Started
19.03.2017 09:52:25 LINK ERRO: Not found.
19.03.2017 09:52:27 LINK ERRO: Not found.
19.03.2017 09:52:48 LINK ERRO: Not found.
19.03.2017 11:43:12  LOG INFO: Stopped
19.03.2017 20:16:56  LOG INFO: Started
19.03.2017 20:16:58 LINK ERRO: Not found.
19.03.2017 20:16:59 LINK ERRO: Not found.
19.03.2017 20:17:16 LINK ERRO: Not found.
21.03.2017 17:57:54  LOG INFO: Started
21.03.2017 17:57:57 LINK ERRO: Not found.
21.03.2017 17:57:57 LINK ERRO: Not found.
21.03.2017 17:58:04 LINK ERRO: Not found.
21.03.2017 19:17:34  LOG INFO: Stopped
22.03.2017 14:33:13  LOG INFO: Started
22.03.2017 14:33:14 LINK ERRO: Not found.
22.03.2017 14:33:15 LINK ERRO: Not found.
22.03.2017 14:33:26 LINK ERRO: Not found.
22.03.2017 14:56:16  LOG INFO: Stopped
22.03.2017 18:07:23  LOG INFO: Started
22.03.2017 18:07:25 LINK ERRO: Not found.
22.03.2017 18:07:25 LINK ERRO: Not found.
22.03.2017 18:07:40 LINK ERRO: Not found.
25.03.2017 20:54:44  LOG INFO: Started
25.03.2017 20:55:16  LOG INFO: Stopped
25.03.2017 20:55:55  LOG INFO: Started
25.03.2017 20:56:03  LOG INFO: Stopped
25.03.2017 20:56:23  LOG INFO: Started
25.03.2017 20:56:54  LOG INFO: Stopped
25.03.2017 20:57:21  LOG INFO: Started
25.03.2017 20:58:09  LOG INFO: Started
25.03.2017 20:59:24  LOG INFO: Started
25.03.2017 21:01:04  LOG INFO: Stopped
25.03.2017 21:01:17  LOG INFO: Started
25.03.2017 21:02:23  LOG INFO: Stopped
25.03.2017 21:02:30  LOG INFO: Started
25.03.2017 21:32:48  LOG INFO: Stopped
26.03.2017 09:25:17  LOG INFO: Started
26.03.2017 10:30:53  LOG INFO: Stopped
26.03.2017 12:38:37  LOG INFO: Started
26.03.2017 13:01:35  LOG INFO: Stopped
26.03.2017 13:18:21  LOG INFO: Started
26.03.2017 17:32:00  LOG INFO: Stopped
27.03.2017 17:10:41  LOG INFO: Started
27.03.2017 18:53:27  LOG INFO: Started
29.03.2017 19:05:16  LOG INFO: Started
31.03.2017 18:29:27  LOG INFO: Started
31.03.2017 19:12:33  LOG INFO: Stopped
01.04.2017 21:02:57  LOG INFO: Started
02.04.2017 19:47:18  LOG INFO: Started
10.04.2017 19:02:27  LOG INFO: Started
10.04.2017 19:19:53  LOG INFO: Stopped
12.04.2017 22:12:49  LOG INFO: Started
12.04.2017 22:13:31  LOG INFO: Stopped
12.04.2017 22:13:52  LOG INFO: Started
12.04.2017 22:35:23  LOG INFO: Stopped
13.04.2017 07:54:08  LOG INFO: Started
13.04.2017 19:31:36  LOG INFO: Started
13.04.2017 19:31:42  LOG INFO: Stopped
15.04.2017 21:10:10  LOG INFO: Started
15.04.2017 21:48:06  LOG INFO: Stopped
16.04.2017 21:03:01  LOG INFO: Started
16.04.2017 21:06:17  LOG INFO: Stopped
13.05.2017 20:47:45  LOG INFO: Started
13.05.2017 21:08:54  LOG INFO: Stopped
03.06.2017 20:12:48  LOG INFO: Started
03.06.2017 20:12:50 LINK ERRO: Not found.
03.06.2017 20:13:23 LINK ERRO: Not found.
03.06.2017 20:17:44  LOG INFO: Stopped
30.07.2017 20:52:41  LOG INFO: Started
30.07.2017 21:18:50  LOG INFO: Stopped
01.08.2017 11:29:36  LOG INFO: Started
01.08.2017 11:34:18  LOG INFO: Started
01.08.2017 11:35:11  LOG INFO: Stopped
01.08.2017 11:36:07  LOG INFO: Started
01.08.2017 11:41:02  LOG INFO: Stopped
01.08.2017 17:48:49  LOG INFO: Started
03.08.2017 11:34:33  LOG INFO: Started
03.08.2017 12:09:36  LOG INFO: Stopped
04.08.2017 18:58:53  LOG INFO: Started
04.08.2017 19:48:55  LOG INFO: Stopped
06.08.2017 06:59:52  LOG INFO: Started
06.08.2017 07:20:21  LOG INFO: Stopped
22.08.2017 10:42:15  LOG INFO: Started
22.08.2017 12:08:12  LOG INFO: Stopped
22.08.2017 15:15:01  LOG INFO: Started
22.08.2017 15:16:05  LOG INFO: Stopped
22.08.2017 18:02:26  LOG INFO: Started
22.08.2017 19:37:31  LOG INFO: Stopped
25.08.2017 15:45:46  LOG INFO: Started
25.08.2017 15:46:24  LOG INFO: Stopped
25.08.2017 15:48:29  LOG INFO: Started
25.08.2017 16:04:22  LOG INFO: Stopped
25.08.2017 22:05:01  LOG INFO: Started
25.08.2017 22:06:18  LOG INFO: Stopped
25.08.2017 22:06:34  LOG INFO: Started
25.08.2017 22:49:40  LOG INFO: Stopped
27.08.2017 10:25:01  LOG INFO: Started
27.08.2017 10:47:01  LOG INFO: Stopped
28.08.2017 12:12:53  LOG INFO: Started
28.08.2017 12:39:57  LOG INFO: Stopped
28.08.2017 19:01:23  LOG INFO: Started
28.08.2017 19:36:49  LOG INFO: Stopped
01.09.2017 13:32:05  LOG INFO: Started
01.09.2017 14:56:22  LOG INFO: Stopped
19.09.2017 17:44:50  LOG INFO: Started
19.09.2017 17:45:09  LOG INFO: Stopped
19.09.2017 17:46:28  LOG INFO: Started
19.09.2017 17:52:49  LOG INFO: Stopped
15.10.2017 18:24:49  LOG INFO: Started
15.10.2017 18:38:21  LOG INFO: Stopped
24.11.2017 22:37:32  LOG INFO: Started
24.11.2017 22:45:39  LOG INFO: Stopped
19.12.2017 20:02:39  LOG INFO: Started
19.12.2017 20:38:21  LOG INFO: Stopped
27.12.2017 09:55:12  LOG INFO: Started
27.12.2017 10:26:24  LOG INFO: Stopped
30.12.2017 14:14:06  LOG INFO: Started
30.12.2017 14:22:18  LOG INFO: Stopped
13.01.2018 18:22:19  LOG INFO: Started
13.01.2018 18:48:54  LOG INFO: Stopped
13.01.2018 23:24:36  LOG INFO: Started
13.01.2018 23:45:13  LOG INFO: Stopped
14.01.2018 15:17:36  LOG INFO: Started
14.01.2018 15:18:18  LOG INFO: Stopped
14.01.2018 15:18:57  LOG INFO: Started
14.01.2018 16:41:57  LOG INFO: Stopped
14.01.2018 17:47:43  LOG INFO: Started
14.01.2018 17:49:02  LOG INFO: Stopped
14.01.2018 17:49:22  LOG INFO: Started
14.01.2018 18:04:29  LOG INFO: Stopped
14.01.2018 19:25:42  LOG INFO: Started
14.01.2018 19:38:58  LOG INFO: Stopped
15.01.2018 21:39:12  LOG INFO: Started
15.01.2018 21:46:59  LOG INFO: Stopped
17.01.2018 20:36:00  LOG INFO: Started
17.01.2018 20:38:28  LOG INFO: Stopped
17.01.2018 20:39:44  LOG INFO: Started
17.01.2018 21:39:50  LOG INFO: Stopped
20.01.2018 16:37:14  LOG INFO: Started
20.01.2018 16:38:14  LOG INFO: Started
20.01.2018 16:40:03  LOG INFO: Started
20.01.2018 17:09:25  LOG INFO: Stopped
21.01.2018 20:50:20  LOG INFO: Started
21.01.2018 20:51:58  LOG INFO: Started
21.01.2018 21:35:59  LOG INFO: Stopped
10.02.2018 17:14:37  LOG INFO: Started
10.02.2018 17:24:30  LOG INFO: Stopped
23.02.2018 21:54:23  LOG INFO: Started
23.02.2018 22:32:18  LOG INFO: Stopped
24.02.2018 21:13:53  LOG INFO: Started
24.02.2018 21:15:50  LOG INFO: Started
24.02.2018 21:16:14  LOG INFO: Started
24.02.2018 21:17:14  LOG INFO: Started
24.02.2018 21:22:14  LOG INFO: Started
24.02.2018 21:24:16  LOG INFO: Stopped
24.02.2018 21:35:16  LOG INFO: Started
24.02.2018 21:37:59  LOG INFO: Started
24.02.2018 21:59:48  LOG INFO: Stopped
25.02.2018 12:52:35  LOG INFO: Started
25.02.2018 13:12:15  LOG INFO: Stopped
25.02.2018 16:38:20  LOG INFO: Started
25.02.2018 17:00:25  LOG INFO: Stopped
27.02.2018 17:48:20  LOG INFO: Started
27.02.2018 17:56:54  LOG INFO: Stopped
27.02.2018 18:00:11  LOG INFO: Started
27.02.2018 18:06:59  LOG INFO: Started
27.02.2018 18:10:02  LOG INFO: Started
27.02.2018 18:12:08  LOG INFO: Started
27.02.2018 18:20:07  LOG INFO: Stopped
28.02.2018 17:25:23  LOG INFO: Started
03.03.2018 12:33:17  LOG INFO: Started
03.03.2018 13:19:59  LOG INFO: Stopped
03.03.2018 15:30:10  LOG INFO: Started
03.03.2018 16:27:03  LOG INFO: Stopped
06.03.2018 20:02:06  LOG INFO: Started
06.03.2018 20:46:31  LOG INFO: Stopped
07.03.2018 18:29:42  LOG INFO: Started
07.03.2018 19:38:05  LOG INFO: Stopped
19.04.2018 17:23:05  LOG INFO: Started
19.04.2018 17:33:24  LOG INFO: Stopped
19.05.2018 10:14:16  LOG INFO: Started
19.05.2018 10:29:16  LOG INFO: Stopped
21.05.2018 10:48:37  LOG INFO: Started
21.05.2018 10:52:31  LOG INFO: Stopped
21.05.2018 11:01:02  LOG INFO: Started
21.05.2018 11:03:04  LOG INFO: Stopped
20.08.2018 22:49:14  LOG INFO: Started
20.08.2018 22:58:00  LOG INFO: Stopped
19.10.2018 21:24:03  LOG INFO: Started
19.10.2018 21:41:23  LOG INFO: Stopped
24.11.2018 17:46:01  LOG INFO: Started
24.11.2018 18:12:51  LOG INFO: Stopped
09.04.2019 20:28:07  LOG INFO: Started
09.04.2019 20:31:35  LOG INFO: Started
09.04.2019 20:46:06  LOG INFO: Stopped
08.08.2019 18:26:29  LOG INFO: Started
08.08.2019 20:09:10  LOG INFO: Stopped
04.04.2020 18:43:20  LOG INFO: Started
04.04.2020 18:51:33  LOG INFO: Started
04.04.2020 19:11:18  LOG INFO: Stopped
14.04.2020 15:01:45  LOG INFO: Started
14.04.2020 15:05:35  LOG INFO: Stopped
